# JRE version: 7.0_17-b02
# Java VM: Java HotSpot(TM) 64-Bit Server VM (23.7-b01 mixed mode bsd-amd64 compressed oops)
Heap
 def new generation   total 3968K, used 2633K [0x00000007ee000000, 0x00000007ee440000, 0x00000007f24a0000)
  eden space 3584K,  62% used [0x00000007ee000000, 0x00000007ee232788, 0x00000007ee380000)
  from space 384K, 100% used [0x00000007ee380000, 0x00000007ee3e0000, 0x00000007ee3e0000)
  to   space 384K,   0% used [0x00000007ee3e0000, 0x00000007ee3e0000, 0x00000007ee440000)
 tenured generation   total 8768K, used 2519K [0x00000007f24a0000, 0x00000007f2d30000, 0x00000007fae00000)
   the space 8768K,  28% used [0x00000007f24a0000, 0x00000007f2715df8, 0x00000007f2715e00, 0x00000007f2d30000)
 compacting perm gen  total 21248K, used 11940K [0x00000007fae00000, 0x00000007fc2c0000, 0x0000000800000000)
   the space 21248K,  56% used [0x00000007fae00000, 0x00000007fb9a9050, 0x00000007fb9a9200, 0x00000007fc2c0000)
GC Heap History (4 events):
Event: 1.929 GC heap before
{Heap before GC invocations=0 (full 0):
 def new generation   total 3968K, used 3584K [0x00000007ee000000, 0x00000007ee440000, 0x00000007f24a0000)
  eden space 3584K, 100% used [0x00000007ee000000, 0x00000007ee380000, 0x00000007ee380000)
  from space 384K,   0% used [0x00000007ee380000, 0x00000007ee380000, 0x00000007ee3e0000)
  to   space 384K,   0% used [0x00000007ee3e0000, 0x00000007ee3e0000, 0x00000007ee440000)
 tenured generation   total 8768K, used 0K [0x00000007f24a0000, 0x00000007f2d30000, 0x00000007fae00000)
   the space 8768K,   0% used [0x00000007f24a0000, 0x00000007f24a0000, 0x00000007f24a0200, 0x00000007f2d30000)
 compacting perm gen  total 21248K, used 7919K [0x00000007fae00000, 0x00000007fc2c0000, 0x0000000800000000)
   the space 21248K,  37% used [0x00000007fae00000, 0x00000007fb5bbd68, 0x00000007fb5bbe00, 0x00000007fc2c0000)
No shared spaces configured.
Event: 1.937 GC heap after
Heap after GC invocations=1 (full 0):
 def new generation   total 3968K, used 384K [0x00000007ee000000, 0x00000007ee440000, 0x00000007f24a0000)
  eden space 3584K,   0% used [0x00000007ee000000, 0x00000007ee000000, 0x00000007ee380000)
  from space 384K, 100% used [0x00000007ee3e0000, 0x00000007ee440000, 0x00000007ee440000)
  to   space 384K,   0% used [0x00000007ee380000, 0x00000007ee380000, 0x00000007ee3e0000)
 tenured generation   total 8768K, used 1138K [0x00000007f24a0000, 0x00000007f2d30000, 0x00000007fae00000)
   the space 8768K,  12% used [0x00000007f24a0000, 0x00000007f25bcb90, 0x00000007f25bcc00, 0x00000007f2d30000)
 compacting perm gen  total 21248K, used 7919K [0x00000007fae00000, 0x00000007fc2c0000, 0x0000000800000000)
   the space 21248K,  37% used [0x00000007fae00000, 0x00000007fb5bbd68, 0x00000007fb5bbe00, 0x00000007fc2c0000)
No shared spaces configured.
}
Event: 2.210 GC heap before
{Heap before GC invocations=1 (full 0):
 def new generation   total 3968K, used 3373K [0x00000007ee000000, 0x00000007ee440000, 0x00000007f24a0000)
  eden space 3584K,  83% used [0x00000007ee000000, 0x00000007ee2eb7f0, 0x00000007ee380000)
  from space 384K, 100% used [0x00000007ee3e0000, 0x00000007ee440000, 0x00000007ee440000)
  to   space 384K,   0% used [0x00000007ee380000, 0x00000007ee380000, 0x00000007ee3e0000)
 tenured generation   total 8768K, used 1138K [0x00000007f24a0000, 0x00000007f2d30000, 0x00000007fae00000)
   the space 8768K,  12% used [0x00000007f24a0000, 0x00000007f25bcb90, 0x00000007f25bcc00, 0x00000007f2d30000)
 compacting perm gen  total 21248K, used 11527K [0x00000007fae00000, 0x00000007fc2c0000, 0x0000000800000000)
   the space 21248K,  54% used [0x00000007fae00000, 0x00000007fb941f08, 0x00000007fb942000, 0x00000007fc2c0000)
No shared spaces configured.
Event: 2.220 GC heap after
Heap after GC invocations=2 (full 0):
 def new generation   total 3968K, used 384K [0x00000007ee000000, 0x00000007ee440000, 0x00000007f24a0000)
  eden space 3584K,   0% used [0x00000007ee000000, 0x00000007ee000000, 0x00000007ee380000)
  from space 384K, 100% used [0x00000007ee380000, 0x00000007ee3e0000, 0x00000007ee3e0000)
  to   space 384K,   0% used [0x00000007ee3e0000, 0x00000007ee3e0000, 0x00000007ee440000)
 tenured generation   total 8768K, used 2519K [0x00000007f24a0000, 0x00000007f2d30000, 0x00000007fae00000)
   the space 8768K,  28% used [0x00000007f24a0000, 0x00000007f2715df8, 0x00000007f2715e00, 0x00000007f2d30000)
 compacting perm gen  total 21248K, used 11527K [0x00000007fae00000, 0x00000007fc2c0000, 0x0000000800000000)
   the space 21248K,  54% used [0x00000007fae00000, 0x00000007fb941f08, 0x00000007fb942000, 0x00000007fc2c0000)
No shared spaces configured.
}

