# JRE version: 7.0_17-b02
# Java VM: Java HotSpot(TM) 64-Bit Server VM (23.7-b01 mixed mode bsd-amd64 compressed oops)
Heap
 def new generation   total 4032K, used 2720K [0x00000007eda00000, 0x00000007ede60000, 0x00000007f20a0000)
  eden space 3584K,  63% used [0x00000007eda00000, 0x00000007edc38110, 0x00000007edd80000)
  from space 448K, 100% used [0x00000007edd80000, 0x00000007eddf0000, 0x00000007eddf0000)
  to   space 448K,   0% used [0x00000007eddf0000, 0x00000007eddf0000, 0x00000007ede60000)
 tenured generation   total 9024K, used 2455K [0x00000007f20a0000, 0x00000007f2970000, 0x00000007fae00000)
   the space 9024K,  27% used [0x00000007f20a0000, 0x00000007f2305da0, 0x00000007f2305e00, 0x00000007f2970000)
 compacting perm gen  total 21248K, used 11938K [0x00000007fae00000, 0x00000007fc2c0000, 0x0000000800000000)
   the space 21248K,  56% used [0x00000007fae00000, 0x00000007fb9a89a0, 0x00000007fb9a8a00, 0x00000007fc2c0000)
GC Heap History (4 events):
Event: 4.835 GC heap before
{Heap before GC invocations=0 (full 0):
 def new generation   total 4032K, used 3584K [0x00000007eda00000, 0x00000007ede60000, 0x00000007f20a0000)
  eden space 3584K, 100% used [0x00000007eda00000, 0x00000007edd80000, 0x00000007edd80000)
  from space 448K,   0% used [0x00000007edd80000, 0x00000007edd80000, 0x00000007eddf0000)
  to   space 448K,   0% used [0x00000007eddf0000, 0x00000007eddf0000, 0x00000007ede60000)
 tenured generation   total 9024K, used 0K [0x00000007f20a0000, 0x00000007f2970000, 0x00000007fae00000)
   the space 9024K,   0% used [0x00000007f20a0000, 0x00000007f20a0000, 0x00000007f20a0200, 0x00000007f2970000)
 compacting perm gen  total 21248K, used 7917K [0x00000007fae00000, 0x00000007fc2c0000, 0x0000000800000000)
   the space 21248K,  37% used [0x00000007fae00000, 0x00000007fb5bb6d8, 0x00000007fb5bb800, 0x00000007fc2c0000)
No shared spaces configured.
Event: 4.844 GC heap after
Heap after GC invocations=1 (full 0):
 def new generation   total 4032K, used 448K [0x00000007eda00000, 0x00000007ede60000, 0x00000007f20a0000)
  eden space 3584K,   0% used [0x00000007eda00000, 0x00000007eda00000, 0x00000007edd80000)
  from space 448K, 100% used [0x00000007eddf0000, 0x00000007ede60000, 0x00000007ede60000)
  to   space 448K,   0% used [0x00000007edd80000, 0x00000007edd80000, 0x00000007eddf0000)
 tenured generation   total 9024K, used 1074K [0x00000007f20a0000, 0x00000007f2970000, 0x00000007fae00000)
   the space 9024K,  11% used [0x00000007f20a0000, 0x00000007f21acaa8, 0x00000007f21acc00, 0x00000007f2970000)
 compacting perm gen  total 21248K, used 7917K [0x00000007fae00000, 0x00000007fc2c0000, 0x0000000800000000)
   the space 21248K,  37% used [0x00000007fae00000, 0x00000007fb5bb6d8, 0x00000007fb5bb800, 0x00000007fc2c0000)
No shared spaces configured.
}
Event: 5.303 GC heap before
{Heap before GC invocations=1 (full 0):
 def new generation   total 4032K, used 3438K [0x00000007eda00000, 0x00000007ede60000, 0x00000007f20a0000)
  eden space 3584K,  83% used [0x00000007eda00000, 0x00000007edceb8a8, 0x00000007edd80000)
  from space 448K, 100% used [0x00000007eddf0000, 0x00000007ede60000, 0x00000007ede60000)
  to   space 448K,   0% used [0x00000007edd80000, 0x00000007edd80000, 0x00000007eddf0000)
 tenured generation   total 9024K, used 1074K [0x00000007f20a0000, 0x00000007f2970000, 0x00000007fae00000)
   the space 9024K,  11% used [0x00000007f20a0000, 0x00000007f21acaa8, 0x00000007f21acc00, 0x00000007f2970000)
 compacting perm gen  total 21248K, used 11526K [0x00000007fae00000, 0x00000007fc2c0000, 0x0000000800000000)
   the space 21248K,  54% used [0x00000007fae00000, 0x00000007fb941900, 0x00000007fb941a00, 0x00000007fc2c0000)
No shared spaces configured.
Event: 5.314 GC heap after
Heap after GC invocations=2 (full 0):
 def new generation   total 4032K, used 448K [0x00000007eda00000, 0x00000007ede60000, 0x00000007f20a0000)
  eden space 3584K,   0% used [0x00000007eda00000, 0x00000007eda00000, 0x00000007edd80000)
  from space 448K, 100% used [0x00000007edd80000, 0x00000007eddf0000, 0x00000007eddf0000)
  to   space 448K,   0% used [0x00000007eddf0000, 0x00000007eddf0000, 0x00000007ede60000)
 tenured generation   total 9024K, used 2455K [0x00000007f20a0000, 0x00000007f2970000, 0x00000007fae00000)
   the space 9024K,  27% used [0x00000007f20a0000, 0x00000007f2305da0, 0x00000007f2305e00, 0x00000007f2970000)
 compacting perm gen  total 21248K, used 11526K [0x00000007fae00000, 0x00000007fc2c0000, 0x0000000800000000)
   the space 21248K,  54% used [0x00000007fae00000, 0x00000007fb941900, 0x00000007fb941a00, 0x00000007fc2c0000)
No shared spaces configured.
}

