# JRE version: 7.0_17-b02
# Java VM: Java HotSpot(TM) 64-Bit Server VM (23.7-b01 mixed mode bsd-amd64 compressed oops)
Heap
 def new generation   total 3904K, used 2650K [0x00000007ee200000, 0x00000007ee630000, 0x00000007f2600000)
  eden space 3520K,  64% used [0x00000007ee200000, 0x00000007ee436898, 0x00000007ee570000)
  from space 384K,  99% used [0x00000007ee570000, 0x00000007ee5cfff8, 0x00000007ee5d0000)
  to   space 384K,   0% used [0x00000007ee5d0000, 0x00000007ee5d0000, 0x00000007ee630000)
 tenured generation   total 8704K, used 2519K [0x00000007f2600000, 0x00000007f2e80000, 0x00000007fae00000)
   the space 8704K,  28% used [0x00000007f2600000, 0x00000007f2875f70, 0x00000007f2876000, 0x00000007f2e80000)
 compacting perm gen  total 21248K, used 11940K [0x00000007fae00000, 0x00000007fc2c0000, 0x0000000800000000)
   the space 21248K,  56% used [0x00000007fae00000, 0x00000007fb9a9030, 0x00000007fb9a9200, 0x00000007fc2c0000)
GC Heap History (4 events):
Event: 2.875 GC heap before
{Heap before GC invocations=0 (full 0):
 def new generation   total 3904K, used 3520K [0x00000007ee200000, 0x00000007ee630000, 0x00000007f2600000)
  eden space 3520K, 100% used [0x00000007ee200000, 0x00000007ee570000, 0x00000007ee570000)
  from space 384K,   0% used [0x00000007ee570000, 0x00000007ee570000, 0x00000007ee5d0000)
  to   space 384K,   0% used [0x00000007ee5d0000, 0x00000007ee5d0000, 0x00000007ee630000)
 tenured generation   total 8704K, used 0K [0x00000007f2600000, 0x00000007f2e80000, 0x00000007fae00000)
   the space 8704K,   0% used [0x00000007f2600000, 0x00000007f2600000, 0x00000007f2600200, 0x00000007f2e80000)
 compacting perm gen  total 21248K, used 7919K [0x00000007fae00000, 0x00000007fc2c0000, 0x0000000800000000)
   the space 21248K,  37% used [0x00000007fae00000, 0x00000007fb5bbc68, 0x00000007fb5bbe00, 0x00000007fc2c0000)
No shared spaces configured.
Event: 2.886 GC heap after
Heap after GC invocations=1 (full 0):
 def new generation   total 3904K, used 384K [0x00000007ee200000, 0x00000007ee630000, 0x00000007f2600000)
  eden space 3520K,   0% used [0x00000007ee200000, 0x00000007ee200000, 0x00000007ee570000)
  from space 384K, 100% used [0x00000007ee5d0000, 0x00000007ee630000, 0x00000007ee630000)
  to   space 384K,   0% used [0x00000007ee570000, 0x00000007ee570000, 0x00000007ee5d0000)
 tenured generation   total 8704K, used 1097K [0x00000007f2600000, 0x00000007f2e80000, 0x00000007fae00000)
   the space 8704K,  12% used [0x00000007f2600000, 0x00000007f27127e8, 0x00000007f2712800, 0x00000007f2e80000)
 compacting perm gen  total 21248K, used 7919K [0x00000007fae00000, 0x00000007fc2c0000, 0x0000000800000000)
   the space 21248K,  37% used [0x00000007fae00000, 0x00000007fb5bbc68, 0x00000007fb5bbe00, 0x00000007fc2c0000)
No shared spaces configured.
}
Event: 3.135 GC heap before
{Heap before GC invocations=1 (full 0):
 def new generation   total 3904K, used 3451K [0x00000007ee200000, 0x00000007ee630000, 0x00000007f2600000)
  eden space 3520K,  87% used [0x00000007ee200000, 0x00000007ee4fee58, 0x00000007ee570000)
  from space 384K, 100% used [0x00000007ee5d0000, 0x00000007ee630000, 0x00000007ee630000)
  to   space 384K,   0% used [0x00000007ee570000, 0x00000007ee570000, 0x00000007ee5d0000)
 tenured generation   total 8704K, used 1097K [0x00000007f2600000, 0x00000007f2e80000, 0x00000007fae00000)
   the space 8704K,  12% used [0x00000007f2600000, 0x00000007f27127e8, 0x00000007f2712800, 0x00000007f2e80000)
 compacting perm gen  total 21248K, used 11527K [0x00000007fae00000, 0x00000007fc2c0000, 0x0000000800000000)
   the space 21248K,  54% used [0x00000007fae00000, 0x00000007fb941ee8, 0x00000007fb942000, 0x00000007fc2c0000)
No shared spaces configured.
Event: 3.145 GC heap after
Heap after GC invocations=2 (full 0):
 def new generation   total 3904K, used 383K [0x00000007ee200000, 0x00000007ee630000, 0x00000007f2600000)
  eden space 3520K,   0% used [0x00000007ee200000, 0x00000007ee200000, 0x00000007ee570000)
  from space 384K,  99% used [0x00000007ee570000, 0x00000007ee5cfff8, 0x00000007ee5d0000)
  to   space 384K,   0% used [0x00000007ee5d0000, 0x00000007ee5d0000, 0x00000007ee630000)
 tenured generation   total 8704K, used 2519K [0x00000007f2600000, 0x00000007f2e80000, 0x00000007fae00000)
   the space 8704K,  28% used [0x00000007f2600000, 0x00000007f2875f70, 0x00000007f2876000, 0x00000007f2e80000)
 compacting perm gen  total 21248K, used 11527K [0x00000007fae00000, 0x00000007fc2c0000, 0x0000000800000000)
   the space 21248K,  54% used [0x00000007fae00000, 0x00000007fb941ee8, 0x00000007fb942000, 0x00000007fc2c0000)
No shared spaces configured.
}

