# JRE version: 7.0_17-b02
# Java VM: Java HotSpot(TM) 64-Bit Server VM (23.7-b01 mixed mode bsd-amd64 compressed oops)
Heap
 def new generation   total 3968K, used 2633K [0x0000000114ac0000, 0x0000000114f00000, 0x0000000118f60000)
  eden space 3584K,  62% used [0x0000000114ac0000, 0x0000000114cf2780, 0x0000000114e40000)
  from space 384K, 100% used [0x0000000114e40000, 0x0000000114ea0000, 0x0000000114ea0000)
  to   space 384K,   0% used [0x0000000114ea0000, 0x0000000114ea0000, 0x0000000114f00000)
 tenured generation   total 8768K, used 2519K [0x0000000118f60000, 0x00000001197f0000, 0x00000001218c0000)
   the space 8768K,  28% used [0x0000000118f60000, 0x00000001191d5e10, 0x00000001191d6000, 0x00000001197f0000)
 compacting perm gen  total 21248K, used 11940K [0x00000001218c0000, 0x0000000122d80000, 0x0000000126ac0000)
   the space 21248K,  56% used [0x00000001218c0000, 0x0000000122469050, 0x0000000122469200, 0x0000000122d80000)
GC Heap History (4 events):
Event: 2.891 GC heap before
{Heap before GC invocations=0 (full 0):
 def new generation   total 3968K, used 3584K [0x0000000114ac0000, 0x0000000114f00000, 0x0000000118f60000)
  eden space 3584K, 100% used [0x0000000114ac0000, 0x0000000114e40000, 0x0000000114e40000)
  from space 384K,   0% used [0x0000000114e40000, 0x0000000114e40000, 0x0000000114ea0000)
  to   space 384K,   0% used [0x0000000114ea0000, 0x0000000114ea0000, 0x0000000114f00000)
 tenured generation   total 8768K, used 0K [0x0000000118f60000, 0x00000001197f0000, 0x00000001218c0000)
   the space 8768K,   0% used [0x0000000118f60000, 0x0000000118f60000, 0x0000000118f60200, 0x00000001197f0000)
 compacting perm gen  total 21248K, used 7919K [0x00000001218c0000, 0x0000000122d80000, 0x0000000126ac0000)
   the space 21248K,  37% used [0x00000001218c0000, 0x000000012207bd68, 0x000000012207be00, 0x0000000122d80000)
No shared spaces configured.
Event: 2.899 GC heap after
Heap after GC invocations=1 (full 0):
 def new generation   total 3968K, used 384K [0x0000000114ac0000, 0x0000000114f00000, 0x0000000118f60000)
  eden space 3584K,   0% used [0x0000000114ac0000, 0x0000000114ac0000, 0x0000000114e40000)
  from space 384K, 100% used [0x0000000114ea0000, 0x0000000114f00000, 0x0000000114f00000)
  to   space 384K,   0% used [0x0000000114e40000, 0x0000000114e40000, 0x0000000114ea0000)
 tenured generation   total 8768K, used 1138K [0x0000000118f60000, 0x00000001197f0000, 0x00000001218c0000)
   the space 8768K,  12% used [0x0000000118f60000, 0x000000011907c998, 0x000000011907ca00, 0x00000001197f0000)
 compacting perm gen  total 21248K, used 7919K [0x00000001218c0000, 0x0000000122d80000, 0x0000000126ac0000)
   the space 21248K,  37% used [0x00000001218c0000, 0x000000012207bd68, 0x000000012207be00, 0x0000000122d80000)
No shared spaces configured.
}
Event: 3.171 GC heap before
{Heap before GC invocations=1 (full 0):
 def new generation   total 3968K, used 3374K [0x0000000114ac0000, 0x0000000114f00000, 0x0000000118f60000)
  eden space 3584K,  83% used [0x0000000114ac0000, 0x0000000114daba98, 0x0000000114e40000)
  from space 384K, 100% used [0x0000000114ea0000, 0x0000000114f00000, 0x0000000114f00000)
  to   space 384K,   0% used [0x0000000114e40000, 0x0000000114e40000, 0x0000000114ea0000)
 tenured generation   total 8768K, used 1138K [0x0000000118f60000, 0x00000001197f0000, 0x00000001218c0000)
   the space 8768K,  12% used [0x0000000118f60000, 0x000000011907c998, 0x000000011907ca00, 0x00000001197f0000)
 compacting perm gen  total 21248K, used 11527K [0x00000001218c0000, 0x0000000122d80000, 0x0000000126ac0000)
   the space 21248K,  54% used [0x00000001218c0000, 0x0000000122401f08, 0x0000000122402000, 0x0000000122d80000)
No shared spaces configured.
Event: 3.182 GC heap after
Heap after GC invocations=2 (full 0):
 def new generation   total 3968K, used 384K [0x0000000114ac0000, 0x0000000114f00000, 0x0000000118f60000)
  eden space 3584K,   0% used [0x0000000114ac0000, 0x0000000114ac0000, 0x0000000114e40000)
  from space 384K, 100% used [0x0000000114e40000, 0x0000000114ea0000, 0x0000000114ea0000)
  to   space 384K,   0% used [0x0000000114ea0000, 0x0000000114ea0000, 0x0000000114f00000)
 tenured generation   total 8768K, used 2519K [0x0000000118f60000, 0x00000001197f0000, 0x00000001218c0000)
   the space 8768K,  28% used [0x0000000118f60000, 0x00000001191d5e10, 0x00000001191d6000, 0x00000001197f0000)
 compacting perm gen  total 21248K, used 11527K [0x00000001218c0000, 0x0000000122d80000, 0x0000000126ac0000)
   the space 21248K,  54% used [0x00000001218c0000, 0x0000000122401f08, 0x0000000122402000, 0x0000000122d80000)
No shared spaces configured.
}

