# JRE version: 7.0_17-b02
# Java VM: Java HotSpot(TM) 64-Bit Server VM (23.7-b01 mixed mode bsd-amd64 compressed oops)
Heap
 def new generation   total 4032K, used 2634K [0x00000007ede00000, 0x00000007ee250000, 0x00000007f2350000)
  eden space 3648K,  61% used [0x00000007ede00000, 0x00000007ee032bf8, 0x00000007ee190000)
  from space 384K, 100% used [0x00000007ee190000, 0x00000007ee1f0000, 0x00000007ee1f0000)
  to   space 384K,   0% used [0x00000007ee1f0000, 0x00000007ee1f0000, 0x00000007ee250000)
 tenured generation   total 8832K, used 2519K [0x00000007f2350000, 0x00000007f2bf0000, 0x00000007fae00000)
   the space 8832K,  28% used [0x00000007f2350000, 0x00000007f25c5cb8, 0x00000007f25c5e00, 0x00000007f2bf0000)
 compacting perm gen  total 21248K, used 11940K [0x00000007fae00000, 0x00000007fc2c0000, 0x0000000800000000)
   the space 21248K,  56% used [0x00000007fae00000, 0x00000007fb9a9050, 0x00000007fb9a9200, 0x00000007fc2c0000)
GC Heap History (4 events):
Event: 2.798 GC heap before
{Heap before GC invocations=0 (full 0):
 def new generation   total 4032K, used 3648K [0x00000007ede00000, 0x00000007ee250000, 0x00000007f2350000)
  eden space 3648K, 100% used [0x00000007ede00000, 0x00000007ee190000, 0x00000007ee190000)
  from space 384K,   0% used [0x00000007ee190000, 0x00000007ee190000, 0x00000007ee1f0000)
  to   space 384K,   0% used [0x00000007ee1f0000, 0x00000007ee1f0000, 0x00000007ee250000)
 tenured generation   total 8832K, used 0K [0x00000007f2350000, 0x00000007f2bf0000, 0x00000007fae00000)
   the space 8832K,   0% used [0x00000007f2350000, 0x00000007f2350000, 0x00000007f2350200, 0x00000007f2bf0000)
 compacting perm gen  total 21248K, used 7919K [0x00000007fae00000, 0x00000007fc2c0000, 0x0000000800000000)
   the space 21248K,  37% used [0x00000007fae00000, 0x00000007fb5bbd68, 0x00000007fb5bbe00, 0x00000007fc2c0000)
No shared spaces configured.
Event: 2.806 GC heap after
Heap after GC invocations=1 (full 0):
 def new generation   total 4032K, used 383K [0x00000007ede00000, 0x00000007ee250000, 0x00000007f2350000)
  eden space 3648K,   0% used [0x00000007ede00000, 0x00000007ede00000, 0x00000007ee190000)
  from space 384K,  99% used [0x00000007ee1f0000, 0x00000007ee24fff8, 0x00000007ee250000)
  to   space 384K,   0% used [0x00000007ee190000, 0x00000007ee190000, 0x00000007ee1f0000)
 tenured generation   total 8832K, used 1176K [0x00000007f2350000, 0x00000007f2bf0000, 0x00000007fae00000)
   the space 8832K,  13% used [0x00000007f2350000, 0x00000007f24762c0, 0x00000007f2476400, 0x00000007f2bf0000)
 compacting perm gen  total 21248K, used 7919K [0x00000007fae00000, 0x00000007fc2c0000, 0x0000000800000000)
   the space 21248K,  37% used [0x00000007fae00000, 0x00000007fb5bbd68, 0x00000007fb5bbe00, 0x00000007fc2c0000)
No shared spaces configured.
}
Event: 3.045 GC heap before
{Heap before GC invocations=1 (full 0):
 def new generation   total 4032K, used 3328K [0x00000007ede00000, 0x00000007ee250000, 0x00000007f2350000)
  eden space 3648K,  80% used [0x00000007ede00000, 0x00000007ee0e0120, 0x00000007ee190000)
  from space 384K,  99% used [0x00000007ee1f0000, 0x00000007ee24fff8, 0x00000007ee250000)
  to   space 384K,   0% used [0x00000007ee190000, 0x00000007ee190000, 0x00000007ee1f0000)
 tenured generation   total 8832K, used 1176K [0x00000007f2350000, 0x00000007f2bf0000, 0x00000007fae00000)
   the space 8832K,  13% used [0x00000007f2350000, 0x00000007f24762c0, 0x00000007f2476400, 0x00000007f2bf0000)
 compacting perm gen  total 21248K, used 11527K [0x00000007fae00000, 0x00000007fc2c0000, 0x0000000800000000)
   the space 21248K,  54% used [0x00000007fae00000, 0x00000007fb941f08, 0x00000007fb942000, 0x00000007fc2c0000)
No shared spaces configured.
Event: 3.054 GC heap after
Heap after GC invocations=2 (full 0):
 def new generation   total 4032K, used 384K [0x00000007ede00000, 0x00000007ee250000, 0x00000007f2350000)
  eden space 3648K,   0% used [0x00000007ede00000, 0x00000007ede00000, 0x00000007ee190000)
  from space 384K, 100% used [0x00000007ee190000, 0x00000007ee1f0000, 0x00000007ee1f0000)
  to   space 384K,   0% used [0x00000007ee1f0000, 0x00000007ee1f0000, 0x00000007ee250000)
 tenured generation   total 8832K, used 2519K [0x00000007f2350000, 0x00000007f2bf0000, 0x00000007fae00000)
   the space 8832K,  28% used [0x00000007f2350000, 0x00000007f25c5cb8, 0x00000007f25c5e00, 0x00000007f2bf0000)
 compacting perm gen  total 21248K, used 11527K [0x00000007fae00000, 0x00000007fc2c0000, 0x0000000800000000)
   the space 21248K,  54% used [0x00000007fae00000, 0x00000007fb941f08, 0x00000007fb942000, 0x00000007fc2c0000)
No shared spaces configured.
}

