# JRE version: 7.0_17-b02
# Java VM: Java HotSpot(TM) 64-Bit Server VM (23.7-b01 mixed mode bsd-amd64 compressed oops)
Heap
 def new generation   total 4032K, used 2720K [0x00000007edc00000, 0x00000007ee060000, 0x00000007f2200000)
  eden space 3584K,  63% used [0x00000007edc00000, 0x00000007ede380d0, 0x00000007edf80000)
  from space 448K, 100% used [0x00000007edf80000, 0x00000007edff0000, 0x00000007edff0000)
  to   space 448K,   0% used [0x00000007edff0000, 0x00000007edff0000, 0x00000007ee060000)
 tenured generation   total 8960K, used 2455K [0x00000007f2200000, 0x00000007f2ac0000, 0x00000007fae00000)
   the space 8960K,  27% used [0x00000007f2200000, 0x00000007f2465cc0, 0x00000007f2465e00, 0x00000007f2ac0000)
 compacting perm gen  total 21248K, used 11938K [0x00000007fae00000, 0x00000007fc2c0000, 0x0000000800000000)
   the space 21248K,  56% used [0x00000007fae00000, 0x00000007fb9a8838, 0x00000007fb9a8a00, 0x00000007fc2c0000)
GC Heap History (4 events):
Event: 5.265 GC heap before
{Heap before GC invocations=0 (full 0):
 def new generation   total 4032K, used 3584K [0x00000007edc00000, 0x00000007ee060000, 0x00000007f2200000)
  eden space 3584K, 100% used [0x00000007edc00000, 0x00000007edf80000, 0x00000007edf80000)
  from space 448K,   0% used [0x00000007edf80000, 0x00000007edf80000, 0x00000007edff0000)
  to   space 448K,   0% used [0x00000007edff0000, 0x00000007edff0000, 0x00000007ee060000)
 tenured generation   total 8960K, used 0K [0x00000007f2200000, 0x00000007f2ac0000, 0x00000007fae00000)
   the space 8960K,   0% used [0x00000007f2200000, 0x00000007f2200000, 0x00000007f2200200, 0x00000007f2ac0000)
 compacting perm gen  total 21248K, used 7917K [0x00000007fae00000, 0x00000007fc2c0000, 0x0000000800000000)
   the space 21248K,  37% used [0x00000007fae00000, 0x00000007fb5bb6d8, 0x00000007fb5bb800, 0x00000007fc2c0000)
No shared spaces configured.
Event: 5.305 GC heap after
Heap after GC invocations=1 (full 0):
 def new generation   total 4032K, used 448K [0x00000007edc00000, 0x00000007ee060000, 0x00000007f2200000)
  eden space 3584K,   0% used [0x00000007edc00000, 0x00000007edc00000, 0x00000007edf80000)
  from space 448K, 100% used [0x00000007edff0000, 0x00000007ee060000, 0x00000007ee060000)
  to   space 448K,   0% used [0x00000007edf80000, 0x00000007edf80000, 0x00000007edff0000)
 tenured generation   total 8960K, used 1074K [0x00000007f2200000, 0x00000007f2ac0000, 0x00000007fae00000)
   the space 8960K,  11% used [0x00000007f2200000, 0x00000007f230c9f8, 0x00000007f230ca00, 0x00000007f2ac0000)
 compacting perm gen  total 21248K, used 7917K [0x00000007fae00000, 0x00000007fc2c0000, 0x0000000800000000)
   the space 21248K,  37% used [0x00000007fae00000, 0x00000007fb5bb6d8, 0x00000007fb5bb800, 0x00000007fc2c0000)
No shared spaces configured.
}
Event: 6.451 GC heap before
{Heap before GC invocations=1 (full 0):
 def new generation   total 4032K, used 3438K [0x00000007edc00000, 0x00000007ee060000, 0x00000007f2200000)
  eden space 3584K,  83% used [0x00000007edc00000, 0x00000007edeeb810, 0x00000007edf80000)
  from space 448K, 100% used [0x00000007edff0000, 0x00000007ee060000, 0x00000007ee060000)
  to   space 448K,   0% used [0x00000007edf80000, 0x00000007edf80000, 0x00000007edff0000)
 tenured generation   total 8960K, used 1074K [0x00000007f2200000, 0x00000007f2ac0000, 0x00000007fae00000)
   the space 8960K,  11% used [0x00000007f2200000, 0x00000007f230c9f8, 0x00000007f230ca00, 0x00000007f2ac0000)
 compacting perm gen  total 21248K, used 11525K [0x00000007fae00000, 0x00000007fc2c0000, 0x0000000800000000)
   the space 21248K,  54% used [0x00000007fae00000, 0x00000007fb941798, 0x00000007fb941800, 0x00000007fc2c0000)
No shared spaces configured.
Event: 6.466 GC heap after
Heap after GC invocations=2 (full 0):
 def new generation   total 4032K, used 448K [0x00000007edc00000, 0x00000007ee060000, 0x00000007f2200000)
  eden space 3584K,   0% used [0x00000007edc00000, 0x00000007edc00000, 0x00000007edf80000)
  from space 448K, 100% used [0x00000007edf80000, 0x00000007edff0000, 0x00000007edff0000)
  to   space 448K,   0% used [0x00000007edff0000, 0x00000007edff0000, 0x00000007ee060000)
 tenured generation   total 8960K, used 2455K [0x00000007f2200000, 0x00000007f2ac0000, 0x00000007fae00000)
   the space 8960K,  27% used [0x00000007f2200000, 0x00000007f2465cc0, 0x00000007f2465e00, 0x00000007f2ac0000)
 compacting perm gen  total 21248K, used 11525K [0x00000007fae00000, 0x00000007fc2c0000, 0x0000000800000000)
   the space 21248K,  54% used [0x00000007fae00000, 0x00000007fb941798, 0x00000007fb941800, 0x00000007fc2c0000)
No shared spaces configured.
}

